[handleMsg]:  {
  key: {
    remoteJid: '51933212161@s.whatsapp.net',
    fromMe: false,
    id: '3AA283E3A1D9294494F1',
    participant: undefined
  },
  messageTimestamp: 1718811571,
  pushName: 'Leon',
  broadcast: false,
  message: Message {
    conversation: 'Hhh',
    messageContextInfo: MessageContextInfo {
      deviceListMetadata: [DeviceListMetadata],
      deviceListMetadataVersion: 2
    }
  },
  body: 'Hhh',
  from: '51933212161'
}
[handleMsg]:  {
  key: {
    remoteJid: '51933212161@s.whatsapp.net',
    fromMe: false,
    id: '3AE350509C3D819F8BE7',
    participant: undefined
  },
  messageTimestamp: 1718811575,
  pushName: 'Leon',
  broadcast: false,
  message: Message {
    conversation: 'Hola',
    messageContextInfo: MessageContextInfo {
      deviceListMetadata: [DeviceListMetadata],
      deviceListMetadataVersion: 2
    }
  },
  body: 'Hola',
  from: '51933212161'
}
[QUEUE_SE_ENVIO]:  {
  ref: 'ans_c0b39577-b57d-4865-b49d-fcab4da895ee',
  keyword: 'key_f6b7c1ae-52ad-48c6-aa83-fb0606fb0d49',
  answer: 'Hola 😊, somos Imperio Store, especialistas en muebles de melamina ✨',
  options: {
    media: null,
    buttons: [],
    capture: false,
    child: null,
    delay: 2001,
    idle: null,
    ref: null,
    nested: [],
    keyword: {},
    callback: false
  },
  refSerialize: '0be59cd249963aab6bce62b6e48545d5'
}
[QUEUE_SE_ENVIO]:  {
  ref: 'ans_c8eccca0-d56b-43ce-9db3-1061055711ff',
  keyword: 'ans_c0b39577-b57d-4865-b49d-fcab4da895ee',
  answer: '¿En qué estás interesado hoy? 🤔\n' +
    ' \n' +
    '-Escribe 1 para ver Zapateras\n' +
    '-Escribe 2 para ver Veladores',
  options: {
    media: null,
    buttons: [],
    capture: true,
    child: null,
    delay: 0,
    idle: null,
    ref: null,
    nested: [],
    keyword: {},
    callback: true
  },
  refSerialize: '045567788c1b9e47a6137f470fd5a7b0'
}
[handleMsg]:  {
  key: {
    remoteJid: '51933212161@s.whatsapp.net',
    fromMe: false,
    id: '3A6C3746E299D5E78D7A',
    participant: undefined
  },
  messageTimestamp: 1718811584,
  pushName: 'Leon',
  broadcast: false,
  message: Message {
    conversation: '2',
    messageContextInfo: MessageContextInfo {
      deviceListMetadata: [DeviceListMetadata],
      deviceListMetadataVersion: 2
    }
  },
  body: '2',
  from: '51933212161'
}
[handleMsg]:  {
  key: {
    remoteJid: '51933212161@s.whatsapp.net',
    fromMe: false,
    id: '3A5E10D0867FE5972451',
    participant: undefined
  },
  messageTimestamp: 1718811593,
  pushName: 'Leon',
  broadcast: false,
  message: Message {
    conversation: '2',
    messageContextInfo: MessageContextInfo {
      deviceListMetadata: [DeviceListMetadata],
      deviceListMetadataVersion: 2
    }
  },
  body: '2',
  from: '51933212161'
}
[handleMsg]:  {
  key: {
    remoteJid: '51933212161@s.whatsapp.net',
    fromMe: false,
    id: '3A5E72BDA0C6F3B2F8AE',
    participant: undefined
  },
  messageTimestamp: 1718811599,
  pushName: 'Leon',
  broadcast: false,
  message: Message {
    conversation: 'Precio',
    messageContextInfo: MessageContextInfo {
      deviceListMetadata: [DeviceListMetadata],
      deviceListMetadataVersion: 2
    }
  },
  body: 'Precio',
  from: '51933212161'
}
[QUEUE_SE_ENVIO]:  {
  ref: 'ans_c0b39577-b57d-4865-b49d-fcab4da895ee',
  keyword: 'key_f6b7c1ae-52ad-48c6-aa83-fb0606fb0d49',
  answer: 'Hola 😊, somos Imperio Store, especialistas en muebles de melamina ✨',
  options: {
    media: null,
    buttons: [],
    capture: false,
    child: null,
    delay: 2001,
    idle: null,
    ref: null,
    nested: [],
    keyword: {},
    callback: false
  },
  refSerialize: '0be59cd249963aab6bce62b6e48545d5'
}
[QUEUE_SE_ENVIO]:  {
  ref: 'ans_c8eccca0-d56b-43ce-9db3-1061055711ff',
  keyword: 'ans_c0b39577-b57d-4865-b49d-fcab4da895ee',
  answer: '¿En qué estás interesado hoy? 🤔\n' +
    ' \n' +
    '-Escribe 1 para ver Zapateras\n' +
    '-Escribe 2 para ver Veladores',
  options: {
    media: null,
    buttons: [],
    capture: true,
    child: null,
    delay: 0,
    idle: null,
    ref: null,
    nested: [],
    keyword: {},
    callback: true
  },
  refSerialize: '045567788c1b9e47a6137f470fd5a7b0'
}
[handleMsg]:  {
  key: {
    remoteJid: '51933212161@s.whatsapp.net',
    fromMe: false,
    id: '3A726F0A7F041C605F22',
    participant: undefined
  },
  messageTimestamp: 1718811612,
  pushName: 'Leon',
  broadcast: false,
  message: Message {
    conversation: '1',
    messageContextInfo: MessageContextInfo {
      deviceListMetadata: [DeviceListMetadata],
      deviceListMetadataVersion: 2
    }
  },
  body: '1',
  from: '51933212161'
}
[handleMsg]:  {
  key: {
    remoteJid: '51933212161@s.whatsapp.net',
    fromMe: false,
    id: '3A9953E91EDDBB10FF5F',
    participant: undefined
  },
  messageTimestamp: 1718811619,
  pushName: 'Leon',
  broadcast: false,
  message: Message {
    conversation: '2',
    messageContextInfo: MessageContextInfo {
      deviceListMetadata: [DeviceListMetadata],
      deviceListMetadataVersion: 2
    }
  },
  body: '2',
  from: '51933212161'
}
[handleMsg]:  {
  key: {
    remoteJid: '51933212161@s.whatsapp.net',
    fromMe: false,
    id: '3AEDB94674BAF5B08B29',
    participant: undefined
  },
  messageTimestamp: 1718811630,
  pushName: 'Leon',
  broadcast: false,
  message: Message {
    conversation: '2',
    messageContextInfo: MessageContextInfo {
      deviceListMetadata: [DeviceListMetadata],
      deviceListMetadataVersion: 2
    }
  },
  body: '2',
  from: '51933212161'
}
[handleMsg]:  {
  key: {
    remoteJid: '51933212161@s.whatsapp.net',
    fromMe: false,
    id: '3AAC7D1B5443E1554058',
    participant: undefined
  },
  messageTimestamp: 1718811640,
  pushName: 'Leon',
  broadcast: false,
  message: Message {
    conversation: '1',
    messageContextInfo: MessageContextInfo {
      deviceListMetadata: [DeviceListMetadata],
      deviceListMetadataVersion: 2
    }
  },
  body: '1',
  from: '51933212161'
}
